2021-03-12T10:22:55.765283Z 0 [Warning] [MY-011070] [Server] 'Disabling symbolic links using --skip-symbolic-links (or equivalent) is the default. Consider not using this option as it' is deprecated and will be removed in a future release.
2021-03-12T10:22:55.765366Z 0 [System] [MY-010116] [Server] /usr/sbin/mysqld (mysqld 8.0.14) starting as process 269
2021-03-12T10:22:55.773097Z 0 [Warning] [MY-010159] [Server] Setting lower_case_table_names=2 because file system for /var/lib/mysql/ is case insensitive
2021-03-12T10:22:55.840050Z 1 [ERROR] [MY-012574] [InnoDB] Unable to lock ./ibdata1 error: 11
2021-03-12T10:22:56.840621Z 1 [ERROR] [MY-012574] [InnoDB] Unable to lock ./ibdata1 error: 11
2021-03-12T10:22:57.842246Z 1 [ERROR] [MY-012574] [InnoDB] Unable to lock ./ibdata1 error: 11
2021-03-12T10:22:58.843289Z 1 [ERROR] [MY-012574] [InnoDB] Unable to lock ./ibdata1 error: 11
2021-03-12T10:22:59.844092Z 1 [ERROR] [MY-012574] [InnoDB] Unable to lock ./ibdata1 error: 11
2021-03-12T10:23:00.845671Z 1 [ERROR] [MY-012574] [InnoDB] Unable to lock ./ibdata1 error: 11
2021-03-12T10:23:01.847373Z 1 [ERROR] [MY-012574] [InnoDB] Unable to lock ./ibdata1 error: 11
2021-03-12T10:23:02.847886Z 1 [ERROR] [MY-012574] [InnoDB] Unable to lock ./ibdata1 error: 11
2021-03-12T10:23:03.848615Z 1 [ERROR] [MY-012574] [InnoDB] Unable to lock ./ibdata1 error: 11
2021-03-12T10:23:04.848939Z 1 [ERROR] [MY-012574] [InnoDB] Unable to lock ./ibdata1 error: 11
2021-03-12T10:23:05.849851Z 1 [ERROR] [MY-012574] [InnoDB] Unable to lock ./ibdata1 error: 11
2021-03-12T10:23:06.850231Z 1 [ERROR] [MY-012574] [InnoDB] Unable to lock ./ibdata1 error: 11
2021-03-12T10:23:07.850825Z 1 [ERROR] [MY-012574] [InnoDB] Unable to lock ./ibdata1 error: 11
2021-03-12T10:23:08.851181Z 1 [ERROR] [MY-012574] [InnoDB] Unable to lock ./ibdata1 error: 11
2021-03-12T10:23:09.851861Z 1 [ERROR] [MY-012574] [InnoDB] Unable to lock ./ibdata1 error: 11
2021-03-12T10:23:10.854012Z 1 [ERROR] [MY-012574] [InnoDB] Unable to lock ./ibdata1 error: 11
2021-03-12T10:23:11.855856Z 1 [ERROR] [MY-012574] [InnoDB] Unable to lock ./ibdata1 error: 11
2021-03-12T10:23:12.856366Z 1 [ERROR] [MY-012574] [InnoDB] Unable to lock ./ibdata1 error: 11
2021-03-12T10:23:13.858284Z 1 [ERROR] [MY-012574] [InnoDB] Unable to lock ./ibdata1 error: 11
2021-03-12T10:23:14.858852Z 1 [ERROR] [MY-012574] [InnoDB] Unable to lock ./ibdata1 error: 11
2021-03-12T10:23:15.859683Z 1 [ERROR] [MY-012574] [InnoDB] Unable to lock ./ibdata1 error: 11
2021-03-12T10:23:16.861832Z 1 [ERROR] [MY-012574] [InnoDB] Unable to lock ./ibdata1 error: 11
2021-03-12T10:23:17.863561Z 1 [ERROR] [MY-012574] [InnoDB] Unable to lock ./ibdata1 error: 11
2021-03-12T10:23:18.863950Z 1 [ERROR] [MY-012574] [InnoDB] Unable to lock ./ibdata1 error: 11
2021-03-12T10:23:19.865481Z 1 [ERROR] [MY-012574] [InnoDB] Unable to lock ./ibdata1 error: 11
2021-03-12T10:23:20.866889Z 1 [ERROR] [MY-012574] [InnoDB] Unable to lock ./ibdata1 error: 11
2021-03-12T10:23:21.867839Z 1 [ERROR] [MY-012574] [InnoDB] Unable to lock ./ibdata1 error: 11
2021-03-12T10:23:22.868488Z 1 [ERROR] [MY-012574] [InnoDB] Unable to lock ./ibdata1 error: 11
2021-03-12T10:23:23.870590Z 1 [ERROR] [MY-012574] [InnoDB] Unable to lock ./ibdata1 error: 11
2021-03-12T10:23:24.872545Z 1 [ERROR] [MY-012574] [InnoDB] Unable to lock ./ibdata1 error: 11
2021-03-12T10:23:25.873428Z 1 [ERROR] [MY-012574] [InnoDB] Unable to lock ./ibdata1 error: 11
2021-03-12T10:23:26.873886Z 1 [ERROR] [MY-012574] [InnoDB] Unable to lock ./ibdata1 error: 11
2021-03-12T10:23:27.875794Z 1 [ERROR] [MY-012574] [InnoDB] Unable to lock ./ibdata1 error: 11
2021-03-12T10:23:28.877636Z 1 [ERROR] [MY-012574] [InnoDB] Unable to lock ./ibdata1 error: 11
2021-03-12T10:23:29.880166Z 1 [ERROR] [MY-012574] [InnoDB] Unable to lock ./ibdata1 error: 11
2021-03-12T10:23:30.881489Z 1 [ERROR] [MY-012574] [InnoDB] Unable to lock ./ibdata1 error: 11
2021-03-12T10:23:31.883174Z 1 [ERROR] [MY-012574] [InnoDB] Unable to lock ./ibdata1 error: 11
2021-03-12T10:23:32.884218Z 1 [ERROR] [MY-012574] [InnoDB] Unable to lock ./ibdata1 error: 11
2021-03-12T10:23:33.885549Z 1 [ERROR] [MY-012574] [InnoDB] Unable to lock ./ibdata1 error: 11
2021-03-12T10:23:34.887092Z 1 [ERROR] [MY-012574] [InnoDB] Unable to lock ./ibdata1 error: 11
2021-03-12T10:23:35.888251Z 1 [ERROR] [MY-012574] [InnoDB] Unable to lock ./ibdata1 error: 11
2021-03-12T10:23:36.889719Z 1 [ERROR] [MY-012574] [InnoDB] Unable to lock ./ibdata1 error: 11
2021-03-12T10:23:37.890876Z 1 [ERROR] [MY-012574] [InnoDB] Unable to lock ./ibdata1 error: 11
2021-03-12T10:23:38.891724Z 1 [ERROR] [MY-012574] [InnoDB] Unable to lock ./ibdata1 error: 11
2021-03-12T10:23:39.893124Z 1 [ERROR] [MY-012574] [InnoDB] Unable to lock ./ibdata1 error: 11
2021-03-12T10:23:40.893684Z 1 [ERROR] [MY-012574] [InnoDB] Unable to lock ./ibdata1 error: 11
2021-03-12T10:23:41.894150Z 1 [ERROR] [MY-012574] [InnoDB] Unable to lock ./ibdata1 error: 11
2021-03-12T10:23:42.894889Z 1 [ERROR] [MY-012574] [InnoDB] Unable to lock ./ibdata1 error: 11
2021-03-12T10:23:43.895726Z 1 [ERROR] [MY-012574] [InnoDB] Unable to lock ./ibdata1 error: 11
2021-03-12T10:23:44.896788Z 1 [ERROR] [MY-012574] [InnoDB] Unable to lock ./ibdata1 error: 11
2021-03-12T10:23:45.897858Z 1 [ERROR] [MY-012574] [InnoDB] Unable to lock ./ibdata1 error: 11
2021-03-12T10:23:46.899151Z 1 [ERROR] [MY-012574] [InnoDB] Unable to lock ./ibdata1 error: 11
2021-03-12T10:23:47.900152Z 1 [ERROR] [MY-012574] [InnoDB] Unable to lock ./ibdata1 error: 11
2021-03-12T10:23:48.900856Z 1 [ERROR] [MY-012574] [InnoDB] Unable to lock ./ibdata1 error: 11
2021-03-12T10:23:49.903742Z 1 [ERROR] [MY-012574] [InnoDB] Unable to lock ./ibdata1 error: 11
2021-03-12T10:23:50.904868Z 1 [ERROR] [MY-012574] [InnoDB] Unable to lock ./ibdata1 error: 11
2021-03-12T10:23:51.905201Z 1 [ERROR] [MY-012574] [InnoDB] Unable to lock ./ibdata1 error: 11
2021-03-12T10:23:52.905646Z 1 [ERROR] [MY-012574] [InnoDB] Unable to lock ./ibdata1 error: 11
2021-03-12T10:23:53.906895Z 1 [ERROR] [MY-012574] [InnoDB] Unable to lock ./ibdata1 error: 11
2021-03-12T10:23:54.909795Z 1 [ERROR] [MY-012574] [InnoDB] Unable to lock ./ibdata1 error: 11
2021-03-12T10:23:55.911116Z 1 [ERROR] [MY-012574] [InnoDB] Unable to lock ./ibdata1 error: 11
2021-03-12T10:23:56.956013Z 1 [ERROR] [MY-012574] [InnoDB] Unable to lock ./ibdata1 error: 11
2021-03-12T10:23:57.956395Z 1 [ERROR] [MY-012574] [InnoDB] Unable to lock ./ibdata1 error: 11
2021-03-12T10:23:58.956753Z 1 [ERROR] [MY-012574] [InnoDB] Unable to lock ./ibdata1 error: 11
2021-03-12T10:23:59.957063Z 1 [ERROR] [MY-012574] [InnoDB] Unable to lock ./ibdata1 error: 11
2021-03-12T10:24:00.958178Z 1 [ERROR] [MY-012574] [InnoDB] Unable to lock ./ibdata1 error: 11
2021-03-12T10:24:01.959036Z 1 [ERROR] [MY-012574] [InnoDB] Unable to lock ./ibdata1 error: 11
2021-03-12T10:24:02.959798Z 1 [ERROR] [MY-012574] [InnoDB] Unable to lock ./ibdata1 error: 11
2021-03-12T10:24:03.960207Z 1 [ERROR] [MY-012574] [InnoDB] Unable to lock ./ibdata1 error: 11
2021-03-12T10:24:04.962579Z 1 [ERROR] [MY-012574] [InnoDB] Unable to lock ./ibdata1 error: 11
2021-03-12T10:24:05.964602Z 1 [ERROR] [MY-012574] [InnoDB] Unable to lock ./ibdata1 error: 11
2021-03-12T10:24:06.983398Z 1 [ERROR] [MY-012574] [InnoDB] Unable to lock ./ibdata1 error: 11
2021-03-12T10:24:07.985553Z 1 [ERROR] [MY-012574] [InnoDB] Unable to lock ./ibdata1 error: 11
2021-03-12T10:24:08.988373Z 1 [ERROR] [MY-012574] [InnoDB] Unable to lock ./ibdata1 error: 11
2021-03-12T10:24:09.989317Z 1 [ERROR] [MY-012574] [InnoDB] Unable to lock ./ibdata1 error: 11
2021-03-12T10:24:10.991493Z 1 [ERROR] [MY-012574] [InnoDB] Unable to lock ./ibdata1 error: 11
2021-03-12T10:24:11.993616Z 1 [ERROR] [MY-012574] [InnoDB] Unable to lock ./ibdata1 error: 11
2021-03-12T10:24:12.995840Z 1 [ERROR] [MY-012574] [InnoDB] Unable to lock ./ibdata1 error: 11
2021-03-12T10:24:13.997740Z 1 [ERROR] [MY-012574] [InnoDB] Unable to lock ./ibdata1 error: 11
2021-03-12T10:24:15.000303Z 1 [ERROR] [MY-012574] [InnoDB] Unable to lock ./ibdata1 error: 11
2021-03-12T10:24:16.001932Z 1 [ERROR] [MY-012574] [InnoDB] Unable to lock ./ibdata1 error: 11
2021-03-12T10:24:17.018820Z 1 [ERROR] [MY-012574] [InnoDB] Unable to lock ./ibdata1 error: 11
2021-03-12T10:24:18.020872Z 1 [ERROR] [MY-012574] [InnoDB] Unable to lock ./ibdata1 error: 11
2021-03-12T10:24:19.023073Z 1 [ERROR] [MY-012574] [InnoDB] Unable to lock ./ibdata1 error: 11
2021-03-12T10:24:20.023639Z 1 [ERROR] [MY-012574] [InnoDB] Unable to lock ./ibdata1 error: 11
2021-03-12T10:24:21.025828Z 1 [ERROR] [MY-012574] [InnoDB] Unable to lock ./ibdata1 error: 11
2021-03-12T10:24:22.026899Z 1 [ERROR] [MY-012574] [InnoDB] Unable to lock ./ibdata1 error: 11
2021-03-12T10:24:23.029705Z 1 [ERROR] [MY-012574] [InnoDB] Unable to lock ./ibdata1 error: 11
2021-03-12T10:24:24.031397Z 1 [ERROR] [MY-012574] [InnoDB] Unable to lock ./ibdata1 error: 11
2021-03-12T10:24:25.032369Z 1 [ERROR] [MY-012574] [InnoDB] Unable to lock ./ibdata1 error: 11
2021-03-12T10:24:26.033884Z 1 [ERROR] [MY-012574] [InnoDB] Unable to lock ./ibdata1 error: 11
2021-03-12T10:24:27.050536Z 1 [ERROR] [MY-012574] [InnoDB] Unable to lock ./ibdata1 error: 11
2021-03-12T10:24:28.052076Z 1 [ERROR] [MY-012574] [InnoDB] Unable to lock ./ibdata1 error: 11
2021-03-12T10:24:29.053841Z 1 [ERROR] [MY-012574] [InnoDB] Unable to lock ./ibdata1 error: 11
2021-03-12T10:24:30.055568Z 1 [ERROR] [MY-012574] [InnoDB] Unable to lock ./ibdata1 error: 11
2021-03-12T10:24:31.057453Z 1 [ERROR] [MY-012574] [InnoDB] Unable to lock ./ibdata1 error: 11
2021-03-12T10:24:32.059135Z 1 [ERROR] [MY-012574] [InnoDB] Unable to lock ./ibdata1 error: 11
2021-03-12T10:24:33.059676Z 1 [ERROR] [MY-012574] [InnoDB] Unable to lock ./ibdata1 error: 11
2021-03-12T10:24:34.062015Z 1 [ERROR] [MY-012574] [InnoDB] Unable to lock ./ibdata1 error: 11
2021-03-12T10:24:35.062476Z 1 [ERROR] [MY-012574] [InnoDB] Unable to lock ./ibdata1 error: 11
2021-03-12T10:24:36.063056Z 1 [ERROR] [MY-012574] [InnoDB] Unable to lock ./ibdata1 error: 11
2021-03-12T10:24:36.078111Z 1 [ERROR] [MY-012592] [InnoDB] Operating system error number 11 in a file operation.
2021-03-12T10:24:36.078137Z 1 [ERROR] [MY-012596] [InnoDB] Error number 11 means 'Resource temporarily unavailable'
2021-03-12T10:24:36.078308Z 1 [ERROR] [MY-012215] [InnoDB] Cannot open datafile './ibdata1'
2021-03-12T10:24:36.078348Z 1 [ERROR] [MY-012959] [InnoDB] Could not open or create the system tablespace. If you tried to add new data files to the system tablespace, and it failed here, you should now edit innodb_data_file_path in my.cnf back to what it was, and remove the new ibdata files InnoDB created in this failed attempt. InnoDB only wrote those files full of zeros, but did not yet use them in any way. But be careful: do not remove old data files which contain your precious data!
2021-03-12T10:24:36.078368Z 1 [ERROR] [MY-012930] [InnoDB] Plugin initialization aborted with error Cannot open a file.
2021-03-12T10:24:36.682079Z 1 [ERROR] [MY-010334] [Server] Failed to initialize DD Storage Engine
2021-03-12T10:24:36.682724Z 0 [ERROR] [MY-010020] [Server] Data Dictionary initialization failed.
2021-03-12T10:24:36.694137Z 0 [ERROR] [MY-010119] [Server] Aborting
2021-03-12T10:24:36.701246Z 0 [System] [MY-010910] [Server] /usr/sbin/mysqld: Shutdown complete (mysqld 8.0.14)  MySQL Community Server - GPL.
